#
# There is insufficient memory for the Java Runtime Environment to continue.
# Native memory allocation (malloc) failed to allocate 4215920 bytes for Chunk::new
# Possible reasons:
#   The system is out of physical RAM or swap space
#   The process is running with CompressedOops enabled, and the Java Heap may be blocking the growth of the native heap
# Possible solutions:
#   Reduce memory load on the system
#   Increase physical memory or swap space
#   Check if swap backing store is full
#   Decrease Java heap size (-Xmx/-Xms)
#   Decrease number of Java threads
#   Decrease Java thread stack sizes (-Xss)
#   Set larger code cache with -XX:ReservedCodeCacheSize=
#   JVM is running with Zero Based Compressed Oops mode in which the Java heap is
#     placed in the first 32GB address space. The Java Heap base address is the
#     maximum limit for the native heap growth. Please use -XX:HeapBaseMinAddress
#     to set the Java Heap base and to place the Java Heap above 32GB virtual address.
# This output file may be truncated or incomplete.
#
#  Out of Memory Error (allocation.cpp:389), pid=43304, tid=0x000000000000ad34
#
# JRE version: OpenJDK Runtime Environment (8.0_222-b10) (build 1.8.0_222-b10)
# Java VM: OpenJDK 64-Bit Server VM (25.222-b10 mixed mode windows-amd64 compressed oops)
# Failed to write core dump. Minidumps are not enabled by default on client versions of Windows
#

---------------  T H R E A D  ---------------

Current thread (0x000000001ebe7000):  JavaThread "C2 CompilerThread2" daemon [_thread_in_native, id=44340, stack(0x0000000020740000,0x0000000020840000)]

Stack: [0x0000000020740000,0x0000000020840000]
[error occurred during error reporting (printing stack bounds), id 0xc0000005]

Native frames: (J=compiled Java code, j=interpreted, Vv=VM code, C=native code)


Current CompileTask:
C2:   5040 3473   !   4       org.springframework.core.annotation.AnnotationsScanner::processClassHierarchy (236 bytes)


---------------  P R O C E S S  ---------------

Java Threads: ( => current thread )
  0x000000002579a000 JavaThread "DestroyJavaVM" [_thread_blocked, id=51432, stack(0x0000000003320000,0x0000000003420000)]
  0x0000000025797000 JavaThread "http-nio-9900-Acceptor" daemon [_thread_in_native, id=45756, stack(0x0000000038630000,0x0000000038730000)]
  0x0000000025792800 JavaThread "http-nio-9900-ClientPoller" daemon [_thread_in_native, id=35508, stack(0x0000000038530000,0x0000000038630000)]
  0x000000002578f800 JavaThread "http-nio-9900-exec-10" daemon [_thread_blocked, id=1848, stack(0x0000000038430000,0x0000000038530000)]
  0x0000000025791800 JavaThread "http-nio-9900-exec-9" daemon [_thread_blocked, id=45840, stack(0x0000000038330000,0x0000000038430000)]
  0x0000000025796000 JavaThread "http-nio-9900-exec-8" daemon [_thread_blocked, id=53832, stack(0x0000000038230000,0x0000000038330000)]
  0x0000000025794800 JavaThread "http-nio-9900-exec-7" daemon [_thread_blocked, id=42356, stack(0x0000000038130000,0x0000000038230000)]
  0x0000000025793000 JavaThread "http-nio-9900-exec-6" daemon [_thread_blocked, id=54656, stack(0x0000000038030000,0x0000000038130000)]
  0x0000000025791000 JavaThread "http-nio-9900-exec-5" daemon [_thread_blocked, id=48380, stack(0x0000000037f30000,0x0000000038030000)]
  0x0000000025794000 JavaThread "http-nio-9900-exec-4" daemon [_thread_blocked, id=50656, stack(0x0000000037e30000,0x0000000037f30000)]
  0x0000000025790000 JavaThread "http-nio-9900-exec-3" daemon [_thread_blocked, id=50980, stack(0x0000000037d30000,0x0000000037e30000)]
  0x0000000027a95000 JavaThread "http-nio-9900-exec-2" daemon [_thread_blocked, id=47776, stack(0x0000000037c30000,0x0000000037d30000)]
  0x0000000027a94000 JavaThread "http-nio-9900-exec-1" daemon [_thread_blocked, id=36820, stack(0x0000000037b30000,0x0000000037c30000)]
  0x0000000027a93800 JavaThread "http-nio-9900-BlockPoller" daemon [_thread_in_native, id=4148, stack(0x0000000037a30000,0x0000000037b30000)]
  0x0000000027a8e000 JavaThread "task-scheduler-1" [_thread_blocked, id=32072, stack(0x0000000037930000,0x0000000037a30000)]
  0x0000000027a8f000 JavaThread "container-0" [_thread_blocked, id=48352, stack(0x0000000037230000,0x0000000037330000)]
  0x0000000027a92000 JavaThread "Catalina-utility-2" [_thread_blocked, id=39916, stack(0x0000000037130000,0x0000000037230000)]
  0x0000000027a91000 JavaThread "Catalina-utility-1" [_thread_blocked, id=48924, stack(0x0000000037030000,0x0000000037130000)]
  0x000000002098a000 JavaThread "Service Thread" daemon [_thread_blocked, id=54472, stack(0x0000000021140000,0x0000000021240000)]
  0x000000001ebe9800 JavaThread "C1 CompilerThread3" daemon [_thread_blocked, id=12144, stack(0x0000000020840000,0x0000000020940000)]
=>0x000000001ebe7000 JavaThread "C2 CompilerThread2" daemon [_thread_in_native, id=44340, stack(0x0000000020740000,0x0000000020840000)]
  0x000000001ebe4000 JavaThread "C2 CompilerThread1" daemon [_thread_in_native, id=53872, stack(0x0000000020640000,0x0000000020740000)]
  0x000000001ebdf000 JavaThread "C2 CompilerThread0" daemon [_thread_in_native, id=36192, stack(0x0000000020540000,0x0000000020640000)]
  0x000000001e8d9000 JavaThread "JDWP Command Reader" daemon [_thread_in_native, id=528, stack(0x0000000020440000,0x0000000020540000)]
  0x000000001e8d4000 JavaThread "JDWP Event Helper Thread" daemon [_thread_blocked, id=54188, stack(0x0000000020340000,0x0000000020440000)]
  0x000000001e8c5800 JavaThread "JDWP Transport Listener: dt_socket" daemon [_thread_blocked, id=45408, stack(0x0000000020240000,0x0000000020340000)]
  0x000000001e8bc800 JavaThread "Attach Listener" daemon [_thread_blocked, id=38652, stack(0x000000001fe00000,0x000000001ff00000)]
  0x000000001d1c7800 JavaThread "Signal Dispatcher" daemon [_thread_blocked, id=41884, stack(0x000000001fd00000,0x000000001fe00000)]
  0x000000001d1c3000 JavaThread "Finalizer" daemon [_thread_blocked, id=47196, stack(0x000000001fb00000,0x000000001fc00000)]
  0x000000001e8a3000 JavaThread "Reference Handler" daemon [_thread_blocked, id=6984, stack(0x000000001fa00000,0x000000001fb00000)]

Other Threads:
  0x000000001e882000 VMThread [stack: 0x000000001f900000,0x000000001fa00000] [id=51576]
  0x000000002098a800 WatcherThread [stack: 0x0000000021240000,0x0000000021340000] [id=51720]

VM state:not at safepoint (normal execution)

VM Mutex/Monitor currently owned by a thread: None

heap address: 0x00000006c3200000, size: 4046 MB, Compressed Oops mode: Zero based, Oop shift amount: 3
Narrow klass base: 0x0000000000000000, Narrow klass shift: 3
Compressed class space size: 1073741824 Address: 0x00000007c0000000

Heap:
 PSYoungGen      total 334848K, used 31025K [0x000000076bb80000, 0x0000000781700000, 0x00000007c0000000)
  eden space 323072K, 9% used [0x000000076bb80000,0x000000076d9cc5a8,0x000000077f700000)
  from space 11776K, 0% used [0x0000000780b80000,0x0000000780b80000,0x0000000781700000)
  to   space 14336K, 0% used [0x000000077fb00000,0x000000077fb00000,0x0000000780900000)
 ParOldGen       total 142848K, used 15800K [0x00000006c3200000, 0x00000006cbd80000, 0x000000076bb80000)
  object space 142848K, 11% used [0x00000006c3200000,0x00000006c416e1b8,0x00000006cbd80000)
 Metaspace       used 34750K, capacity 36652K, committed 36904K, reserved 1081344K
  class space    used 4398K, capacity 4743K, committed 4784K, reserved 1048576K

Card table byte_map: [0x00000000129e0000,0x00000000131d0000] byte_map_base: 0x000000000f3c7000

Marking Bits: (ParMarkBitMap*) 0x0000000062870e80
 Begin Bits: [0x0000000014120000, 0x0000000018058000)
 End Bits:   [0x0000000018058000, 0x000000001bf90000)

Polling page: 0x0000000001270000

CodeCache: size=245760Kb used=13826Kb max_used=14410Kb free=231933Kb
 bounds [0x0000000003620000, 0x0000000004440000, 0x0000000012620000]
 total_blobs=3743 nmethods=3341 adapters=323
 compilation: enabled

Compilation events (10 events):
Event: 4.847 Thread 0x000000001ebe9800 3653       3       java.lang.invoke.InfoFromMemberName::getName (8 bytes)
Event: 4.847 Thread 0x000000001ebe9800 nmethod 3653 0x0000000003cbc4d0 code [0x0000000003cbc660, 0x0000000003cbcba8]
Event: 4.847 Thread 0x000000001ebe9800 3654       3       jdk.internal.org.objectweb.asm.MethodVisitor::visitCode (15 bytes)
Event: 4.847 Thread 0x000000001ebe9800 nmethod 3654 0x0000000003cbbf90 code [0x0000000003cbc100, 0x0000000003cbc368]
Event: 4.847 Thread 0x000000001ebe9800 3655       3       jdk.internal.org.objectweb.asm.MethodVisitor::visitMaxs (17 bytes)
Event: 4.847 Thread 0x000000001ebe9800 nmethod 3655 0x00000000038d5850 code [0x00000000038d59c0, 0x00000000038d5c48]
Event: 4.847 Thread 0x000000001ebe9800 3656       3       jdk.internal.org.objectweb.asm.MethodVisitor::visitEnd (15 bytes)
Event: 4.848 Thread 0x000000001ebe9800 nmethod 3656 0x0000000003763f10 code [0x0000000003764080, 0x00000000037642e8]
Event: 4.911 Thread 0x000000001ebe4000 nmethod 3493 0x000000000379b310 code [0x000000000379b600, 0x000000000379e798]
Event: 4.911 Thread 0x000000001ebe4000 3618       4       org.springframework.beans.factory.support.AbstractBeanFactory::isTypeMatch (615 bytes)

GC Heap History (10 events):
Event: 1.678 GC heap before
{Heap before GC invocations=6 (full 1):
 PSYoungGen      total 140800K, used 130048K [0x000000076bb80000, 0x0000000774f80000, 0x00000007c0000000)
  eden space 130048K, 100% used [0x000000076bb80000,0x0000000773a80000,0x0000000773a80000)
  from space 10752K, 0% used [0x0000000774500000,0x0000000774500000,0x0000000774f80000)
  to   space 10752K, 0% used [0x0000000773a80000,0x0000000773a80000,0x0000000774500000)
 ParOldGen       total 90624K, used 5539K [0x00000006c3200000, 0x00000006c8a80000, 0x000000076bb80000)
  object space 90624K, 6% used [0x00000006c3200000,0x00000006c3768cf0,0x00000006c8a80000)
 Metaspace       used 20927K, capacity 21656K, committed 21936K, reserved 1069056K
  class space    used 2461K, capacity 2639K, committed 2736K, reserved 1048576K
Event: 1.679 GC heap after
Heap after GC invocations=6 (full 1):
 PSYoungGen      total 140800K, used 951K [0x000000076bb80000, 0x000000077a180000, 0x00000007c0000000)
  eden space 130048K, 0% used [0x000000076bb80000,0x000000076bb80000,0x0000000773a80000)
  from space 10752K, 8% used [0x0000000773a80000,0x0000000773b6dd50,0x0000000774500000)
  to   space 10240K, 0% used [0x0000000779780000,0x0000000779780000,0x000000077a180000)
 ParOldGen       total 90624K, used 5547K [0x00000006c3200000, 0x00000006c8a80000, 0x000000076bb80000)
  object space 90624K, 6% used [0x00000006c3200000,0x00000006c376acf0,0x00000006c8a80000)
 Metaspace       used 20927K, capacity 21656K, committed 21936K, reserved 1069056K
  class space    used 2461K, capacity 2639K, committed 2736K, reserved 1048576K
}
Event: 1.790 GC heap before
{Heap before GC invocations=7 (full 1):
 PSYoungGen      total 140800K, used 130999K [0x000000076bb80000, 0x000000077a180000, 0x00000007c0000000)
  eden space 130048K, 100% used [0x000000076bb80000,0x0000000773a80000,0x0000000773a80000)
  from space 10752K, 8% used [0x0000000773a80000,0x0000000773b6dd50,0x0000000774500000)
  to   space 10240K, 0% used [0x0000000779780000,0x0000000779780000,0x000000077a180000)
 ParOldGen       total 90624K, used 5547K [0x00000006c3200000, 0x00000006c8a80000, 0x000000076bb80000)
  object space 90624K, 6% used [0x00000006c3200000,0x00000006c376acf0,0x00000006c8a80000)
 Metaspace       used 21113K, capacity 21906K, committed 22192K, reserved 1069056K
  class space    used 2478K, capacity 2674K, committed 2736K, reserved 1048576K
Event: 1.792 GC heap after
Heap after GC invocations=7 (full 1):
 PSYoungGen      total 216064K, used 992K [0x000000076bb80000, 0x0000000779d00000, 0x00000007c0000000)
  eden space 210432K, 0% used [0x000000076bb80000,0x000000076bb80000,0x0000000778900000)
  from space 5632K, 17% used [0x0000000779780000,0x0000000779878000,0x0000000779d00000)
  to   space 10240K, 0% used [0x0000000778900000,0x0000000778900000,0x0000000779300000)
 ParOldGen       total 90624K, used 5555K [0x00000006c3200000, 0x00000006c8a80000, 0x000000076bb80000)
  object space 90624K, 6% used [0x00000006c3200000,0x00000006c376ccf0,0x00000006c8a80000)
 Metaspace       used 21113K, capacity 21906K, committed 22192K, reserved 1069056K
  class space    used 2478K, capacity 2674K, committed 2736K, reserved 1048576K
}
Event: 2.999 GC heap before
{Heap before GC invocations=8 (full 1):
 PSYoungGen      total 216064K, used 211424K [0x000000076bb80000, 0x0000000779d00000, 0x00000007c0000000)
  eden space 210432K, 100% used [0x000000076bb80000,0x0000000778900000,0x0000000778900000)
  from space 5632K, 17% used [0x0000000779780000,0x0000000779878000,0x0000000779d00000)
  to   space 10240K, 0% used [0x0000000778900000,0x0000000778900000,0x0000000779300000)
 ParOldGen       total 90624K, used 5555K [0x00000006c3200000, 0x00000006c8a80000, 0x000000076bb80000)
  object space 90624K, 6% used [0x00000006c3200000,0x00000006c376ccf0,0x00000006c8a80000)
 Metaspace       used 27767K, capacity 29182K, committed 29360K, reserved 1075200K
  class space    used 3410K, capacity 3688K, committed 3760K, reserved 1048576K
Event: 3.007 GC heap after
Heap after GC invocations=8 (full 1):
 PSYoungGen      total 220672K, used 9142K [0x000000076bb80000, 0x0000000781700000, 0x00000007c0000000)
  eden space 210432K, 0% used [0x000000076bb80000,0x000000076bb80000,0x0000000778900000)
  from space 10240K, 89% used [0x0000000778900000,0x00000007791ed9e0,0x0000000779300000)
  to   space 11776K, 0% used [0x0000000780b80000,0x0000000780b80000,0x0000000781700000)
 ParOldGen       total 90624K, used 5563K [0x00000006c3200000, 0x00000006c8a80000, 0x000000076bb80000)
  object space 90624K, 6% used [0x00000006c3200000,0x00000006c376ecf0,0x00000006c8a80000)
 Metaspace       used 27767K, capacity 29182K, committed 29360K, reserved 1075200K
  class space    used 3410K, capacity 3688K, committed 3760K, reserved 1048576K
}
Event: 4.603 GC heap before
{Heap before GC invocations=9 (full 1):
 PSYoungGen      total 220672K, used 126692K [0x000000076bb80000, 0x0000000781700000, 0x00000007c0000000)
  eden space 210432K, 55% used [0x000000076bb80000,0x0000000772e4b7e0,0x0000000778900000)
  from space 10240K, 89% used [0x0000000778900000,0x00000007791ed9e0,0x0000000779300000)
  to   space 11776K, 0% used [0x0000000780b80000,0x0000000780b80000,0x0000000781700000)
 ParOldGen       total 90624K, used 5563K [0x00000006c3200000, 0x00000006c8a80000, 0x000000076bb80000)
  object space 90624K, 6% used [0x00000006c3200000,0x00000006c376ecf0,0x00000006c8a80000)
 Metaspace       used 33706K, capacity 35406K, committed 35496K, reserved 1081344K
  class space    used 4252K, capacity 4568K, committed 4656K, reserved 1048576K
Event: 4.611 GC heap after
Heap after GC invocations=9 (full 1):
 PSYoungGen      total 334848K, used 11756K [0x000000076bb80000, 0x0000000781700000, 0x00000007c0000000)
  eden space 323072K, 0% used [0x000000076bb80000,0x000000076bb80000,0x000000077f700000)
  from space 11776K, 99% used [0x0000000780b80000,0x00000007816fb208,0x0000000781700000)
  to   space 14336K, 0% used [0x000000077fb00000,0x000000077fb00000,0x0000000780900000)
 ParOldGen       total 90624K, used 6041K [0x00000006c3200000, 0x00000006c8a80000, 0x000000076bb80000)
  object space 90624K, 6% used [0x00000006c3200000,0x00000006c37e6780,0x00000006c8a80000)
 Metaspace       used 33706K, capacity 35406K, committed 35496K, reserved 1081344K
  class space    used 4252K, capacity 4568K, committed 4656K, reserved 1048576K
}
Event: 4.611 GC heap before
{Heap before GC invocations=10 (full 2):
 PSYoungGen      total 334848K, used 11756K [0x000000076bb80000, 0x0000000781700000, 0x00000007c0000000)
  eden space 323072K, 0% used [0x000000076bb80000,0x000000076bb80000,0x000000077f700000)
  from space 11776K, 99% used [0x0000000780b80000,0x00000007816fb208,0x0000000781700000)
  to   space 14336K, 0% used [0x000000077fb00000,0x000000077fb00000,0x0000000780900000)
 ParOldGen       total 90624K, used 6041K [0x00000006c3200000, 0x00000006c8a80000, 0x000000076bb80000)
  object space 90624K, 6% used [0x00000006c3200000,0x00000006c37e6780,0x00000006c8a80000)
 Metaspace       used 33706K, capacity 35406K, committed 35496K, reserved 1081344K
  class space    used 4252K, capacity 4568K, committed 4656K, reserved 1048576K
Event: 4.651 GC heap after
Heap after GC invocations=10 (full 2):
 PSYoungGen      total 334848K, used 0K [0x000000076bb80000, 0x0000000781700000, 0x00000007c0000000)
  eden space 323072K, 0% used [0x000000076bb80000,0x000000076bb80000,0x000000077f700000)
  from space 11776K, 0% used [0x0000000780b80000,0x0000000780b80000,0x0000000781700000)
  to   space 14336K, 0% used [0x000000077fb00000,0x000000077fb00000,0x0000000780900000)
 ParOldGen       total 142848K, used 15800K [0x00000006c3200000, 0x00000006cbd80000, 0x000000076bb80000)
  object space 142848K, 11% used [0x00000006c3200000,0x00000006c416e1b8,0x00000006cbd80000)
 Metaspace       used 33706K, capacity 35406K, committed 35496K, reserved 1081344K
  class space    used 4252K, capacity 4568K, committed 4656K, reserved 1048576K
}

Deoptimization events (10 events):
Event: 4.838 Thread 0x0000000003526000 Uncommon trap: reason=range_check action=none pc=0x00000000039c5724 method=sun.reflect.generics.parser.SignatureParser.current()C @ 34
Event: 4.838 Thread 0x0000000003526000 Uncommon trap: reason=range_check action=none pc=0x00000000039c5724 method=sun.reflect.generics.parser.SignatureParser.current()C @ 34
Event: 4.838 Thread 0x0000000003526000 Uncommon trap: reason=range_check action=none pc=0x00000000039c5724 method=sun.reflect.generics.parser.SignatureParser.current()C @ 34
Event: 4.839 Thread 0x0000000003526000 Uncommon trap: reason=range_check action=none pc=0x00000000039c5724 method=sun.reflect.generics.parser.SignatureParser.current()C @ 34
Event: 4.843 Thread 0x0000000003526000 Uncommon trap: reason=unstable_if action=reinterpret pc=0x0000000004122df4 method=org.springframework.util.ConcurrentReferenceHashMap$Segment.clear()V @ 7
Event: 4.845 Thread 0x0000000003526000 Uncommon trap: reason=unhandled action=none pc=0x0000000003e8ff64 method=java.net.URLClassLoader.findClass(Ljava/lang/String;)Ljava/lang/Class; @ 44
Event: 4.845 Thread 0x0000000003526000 Uncommon trap: reason=unhandled action=none pc=0x0000000003e8ff64 method=java.net.URLClassLoader.findClass(Ljava/lang/String;)Ljava/lang/Class; @ 44
Event: 4.847 Thread 0x0000000003526000 Uncommon trap: reason=unhandled action=none pc=0x0000000003e8ff64 method=java.net.URLClassLoader.findClass(Ljava/lang/String;)Ljava/lang/Class; @ 44
Event: 4.848 Thread 0x0000000003526000 Uncommon trap: reason=unhandled action=none pc=0x0000000003e8ff64 method=java.net.URLClassLoader.findClass(Ljava/lang/String;)Ljava/lang/Class; @ 44
Event: 4.849 Thread 0x0000000003526000 Uncommon trap: reason=unhandled action=none pc=0x0000000003e8ff64 method=java.net.URLClassLoader.findClass(Ljava/lang/String;)Ljava/lang/Class; @ 44

Classes redefined (0 events):
No events

Internal exceptions (10 events):
Event: 4.746 Thread 0x0000000003526000 Exception <a 'java/lang/ClassNotFoundException': org/springframework/beans/factory/BeanFactoryAwareCustomizer> (0x000000076c3f2e10) thrown at [D:\builds\8u2221\installers\windows\images\corretto-build\buildRoot\src\hotspot\src\share\vm\classfile\systemDic
Event: 4.746 Thread 0x0000000003526000 Exception <a 'java/lang/ClassNotFoundException': org/springframework/beans/factory/AwareCustomizer> (0x000000076c400380) thrown at [D:\builds\8u2221\installers\windows\images\corretto-build\buildRoot\src\hotspot\src\share\vm\classfile\systemDictionary.cpp
Event: 4.747 Thread 0x0000000003526000 Exception <a 'java/lang/ClassNotFoundException': org/springframework/beans/factory/InitializingBeanCustomizer> (0x000000076c40df40) thrown at [D:\builds\8u2221\installers\windows\images\corretto-build\buildRoot\src\hotspot\src\share\vm\classfile\systemDic
Event: 4.781 Thread 0x0000000003526000 Exception <a 'java/lang/ArrayIndexOutOfBoundsException': 79> (0x000000076c6f5a28) thrown at [D:\builds\8u2221\installers\windows\images\corretto-build\buildRoot\src\hotspot\src\share\vm\interpreter\interpreterRuntime.cpp, line 371]
Event: 4.838 Thread 0x0000000003526000 Exception <a 'java/lang/ArrayIndexOutOfBoundsException': 141> (0x000000076d412c48) thrown at [D:\builds\8u2221\installers\windows\images\corretto-build\buildRoot\src\hotspot\src\share\vm\interpreter\interpreterRuntime.cpp, line 371]
Event: 4.838 Thread 0x0000000003526000 Exception <a 'java/lang/ArrayIndexOutOfBoundsException': 126> (0x000000076d41ecd0) thrown at [D:\builds\8u2221\installers\windows\images\corretto-build\buildRoot\src\hotspot\src\share\vm\interpreter\interpreterRuntime.cpp, line 371]
Event: 4.838 Thread 0x0000000003526000 Exception <a 'java/lang/ArrayIndexOutOfBoundsException': 198> (0x000000076d420f50) thrown at [D:\builds\8u2221\installers\windows\images\corretto-build\buildRoot\src\hotspot\src\share\vm\interpreter\interpreterRuntime.cpp, line 371]
Event: 4.838 Thread 0x0000000003526000 Exception <a 'java/lang/ArrayIndexOutOfBoundsException': 108> (0x000000076d422668) thrown at [D:\builds\8u2221\installers\windows\images\corretto-build\buildRoot\src\hotspot\src\share\vm\interpreter\interpreterRuntime.cpp, line 371]
Event: 4.838 Thread 0x0000000003526000 Exception <a 'java/lang/ArrayIndexOutOfBoundsException': 128> (0x000000076d424490) thrown at [D:\builds\8u2221\installers\windows\images\corretto-build\buildRoot\src\hotspot\src\share\vm\interpreter\interpreterRuntime.cpp, line 371]
Event: 4.839 Thread 0x0000000003526000 Exception <a 'java/lang/ArrayIndexOutOfBoundsException': 188> (0x000000076d4266a8) thrown at [D:\builds\8u2221\installers\windows\images\corretto-build\buildRoot\src\hotspot\src\share\vm\interpreter\interpreterRuntime.cpp, line 371]

Events (10 events):
Event: 4.848 Thread 0x0000000003526000 Uncommon trap: trap_request=0xffffffa7 fr.pc=0x0000000003e8ff64
Event: 4.848 Thread 0x0000000003526000 DEOPT PACKING pc=0x0000000003e8ff64 sp=0x000000000341dd60
Event: 4.848 Thread 0x0000000003526000 DEOPT UNPACKING pc=0x000000000366557b sp=0x000000000341dc58 mode 2
Event: 4.849 loading class org/springframework/util/StopWatch$TaskInfo
Event: 4.849 loading class org/springframework/util/StopWatch$TaskInfo done
Event: 4.849 Thread 0x0000000003526000 Uncommon trap: trap_request=0xffffffa7 fr.pc=0x0000000003e8ff64
Event: 4.849 Thread 0x0000000003526000 DEOPT PACKING pc=0x0000000003e8ff64 sp=0x000000000341e150
Event: 4.849 Thread 0x0000000003526000 DEOPT UNPACKING pc=0x000000000366557b sp=0x000000000341e048 mode 2
Event: 4.852 Thread 0x0000000003526000 Thread exited: 0x0000000003526000
Event: 4.852 Thread 0x000000002579a000 Thread added: 0x000000002579a000


Dynamic libraries:
0x00007ff728f80000 - 0x00007ff728fb5000 	D:\Vision\dependencies\jdk1.8.0_222\bin\javaw.exe
0x00007ffd2e000000 - 0x00007ffd2e1ed000 	C:\windows\SYSTEM32\ntdll.dll
0x00007ffd2d220000 - 0x00007ffd2d2d3000 	C:\windows\System32\KERNEL32.DLL
0x00007ffd2af60000 - 0x00007ffd2b1f5000 	C:\windows\System32\KERNELBASE.dll
0x00007ffd2d8d0000 - 0x00007ffd2d973000 	C:\windows\System32\ADVAPI32.dll
0x00007ffd2d440000 - 0x00007ffd2d4de000 	C:\windows\System32\msvcrt.dll
0x00007ffd2b8e0000 - 0x00007ffd2b97e000 	C:\windows\System32\sechost.dll
0x00007ffd2d310000 - 0x00007ffd2d432000 	C:\windows\System32\RPCRT4.dll
0x00007ffd2d080000 - 0x00007ffd2d217000 	C:\windows\System32\USER32.dll
0x00007ffd2aee0000 - 0x00007ffd2af00000 	C:\windows\System32\win32u.dll
0x00007ffd2d2e0000 - 0x00007ffd2d309000 	C:\windows\System32\GDI32.dll
0x00007ffd2acc0000 - 0x00007ffd2ae59000 	C:\windows\System32\gdi32full.dll
0x00007ffd2ab70000 - 0x00007ffd2ac10000 	C:\windows\System32\msvcp_win.dll
0x00007ffd2a2a0000 - 0x00007ffd2a39a000 	C:\windows\System32\ucrtbase.dll
0x00007ffd172c0000 - 0x00007ffd17539000 	C:\windows\WinSxS\amd64_microsoft.windows.common-controls_6595b64144ccf1df_6.0.17763.1217_none_de6e4304534e0ad3\COMCTL32.dll
0x00007ffd2d590000 - 0x00007ffd2d8bc000 	C:\windows\System32\combase.dll
0x00007ffd2ae60000 - 0x00007ffd2aede000 	C:\windows\System32\bcryptPrimitives.dll
0x00007ffd2b770000 - 0x00007ffd2b79e000 	C:\windows\System32\IMM32.DLL
0x00007ffd239d0000 - 0x00007ffd23a81000 	C:\Program Files\McAfee\Endpoint Security\Threat Prevention\Ips\EpMPApi.dll
0x00007ffd2af00000 - 0x00007ffd2af59000 	C:\windows\System32\WINTRUST.dll
0x00007ffd2a070000 - 0x00007ffd2a082000 	C:\windows\System32\MSASN1.dll
0x00007ffd2a0c0000 - 0x00007ffd2a29c000 	C:\windows\System32\CRYPT32.dll
0x0000000060b60000 - 0x0000000060b6c000 	C:\Program Files\McAfee\Endpoint Security\Threat Prevention\Ips\EpMPThe.dll
0x0000000061ee0000 - 0x0000000061fb2000 	D:\Vision\dependencies\jdk1.8.0_222\jre\bin\msvcr100.dll
0x00000000620a0000 - 0x00000000628ed000 	D:\Vision\dependencies\jdk1.8.0_222\jre\bin\server\jvm.dll
0x00007ffd2cf00000 - 0x00007ffd2cf08000 	C:\windows\System32\PSAPI.DLL
0x00007ffd1d380000 - 0x00007ffd1d389000 	C:\windows\SYSTEM32\WSOCK32.dll
0x00007ffd202e0000 - 0x00007ffd202ea000 	C:\windows\SYSTEM32\VERSION.dll
0x00007ffd18e90000 - 0x00007ffd18eb4000 	C:\windows\SYSTEM32\WINMM.dll
0x00007ffd2da30000 - 0x00007ffd2da9d000 	C:\windows\System32\WS2_32.dll
0x00007ffd16560000 - 0x00007ffd1658d000 	C:\windows\SYSTEM32\winmmbase.dll
0x00007ffd2a3a0000 - 0x00007ffd2a3ea000 	C:\windows\System32\cfgmgr32.dll
0x00007ffd11e70000 - 0x00007ffd11e7f000 	D:\Vision\dependencies\jdk1.8.0_222\jre\bin\verify.dll
0x00007ffd11e40000 - 0x00007ffd11e69000 	D:\Vision\dependencies\jdk1.8.0_222\jre\bin\java.dll
0x00007ffd1f510000 - 0x00007ffd1f545000 	D:\Vision\dependencies\jdk1.8.0_222\jre\bin\jdwp.dll
0x00007ffd23780000 - 0x00007ffd23788000 	D:\Vision\dependencies\jdk1.8.0_222\jre\bin\npt.dll
0x00007ffce5390000 - 0x00007ffce53b3000 	D:\Vision\dependencies\jdk1.8.0_222\jre\bin\instrument.dll
0x00007ffd11e20000 - 0x00007ffd11e36000 	D:\Vision\dependencies\jdk1.8.0_222\jre\bin\zip.dll
0x00007ffd2b980000 - 0x00007ffd2ce74000 	C:\windows\System32\SHELL32.dll
0x00007ffd2d980000 - 0x00007ffd2da28000 	C:\windows\System32\shcore.dll
0x00007ffd2a3f0000 - 0x00007ffd2ab3e000 	C:\windows\System32\windows.storage.dll
0x00007ffd2a090000 - 0x00007ffd2a0b4000 	C:\windows\System32\profapi.dll
0x00007ffd2a010000 - 0x00007ffd2a06d000 	C:\windows\System32\powrprof.dll
0x00007ffd2b880000 - 0x00007ffd2b8d2000 	C:\windows\System32\shlwapi.dll
0x00007ffd29ff0000 - 0x00007ffd2a001000 	C:\windows\System32\kernel.appcore.dll
0x00007ffd2b200000 - 0x00007ffd2b217000 	C:\windows\System32\cryptsp.dll
0x00007ffd23680000 - 0x00007ffd23689000 	D:\Vision\dependencies\jdk1.8.0_222\jre\bin\dt_socket.dll
0x00007ffd11170000 - 0x00007ffd11186000 	C:\windows\system32\napinsp.dll
0x00007ffd11150000 - 0x00007ffd1116a000 	C:\windows\system32\pnrpnsp.dll
0x00007ffd29860000 - 0x00007ffd298c7000 	C:\windows\System32\mswsock.dll
0x00007ffd295c0000 - 0x00007ffd29687000 	C:\windows\SYSTEM32\DNSAPI.dll
0x00007ffd2d070000 - 0x00007ffd2d078000 	C:\windows\System32\NSI.dll
0x00007ffd29580000 - 0x00007ffd295bd000 	C:\windows\SYSTEM32\IPHLPAPI.DLL
0x00007ffd11140000 - 0x00007ffd1114e000 	C:\windows\System32\winrnr.dll
0x00007ffd23640000 - 0x00007ffd2365b000 	C:\windows\system32\NLAapi.dll
0x00007ffd22980000 - 0x00007ffd22995000 	C:\windows\system32\wshbth.dll
0x00007ffd25090000 - 0x00007ffd25109000 	C:\windows\System32\fwpuclnt.dll
0x00007ffd2ab40000 - 0x00007ffd2ab66000 	C:\windows\System32\bcrypt.dll
0x00007ffd216f0000 - 0x00007ffd216fa000 	C:\Windows\System32\rasadhlp.dll
0x00007ffd05100000 - 0x00007ffd0510d000 	D:\Vision\dependencies\jdk1.8.0_222\jre\bin\management.dll
0x00007ffd04e60000 - 0x00007ffd04e7a000 	D:\Vision\dependencies\jdk1.8.0_222\jre\bin\net.dll
0x00007ffd1e270000 - 0x00007ffd1e447000 	C:\windows\SYSTEM32\urlmon.dll
0x00007ffd1d820000 - 0x00007ffd1dac8000 	C:\windows\SYSTEM32\iertutil.dll
0x00007ffd29a30000 - 0x00007ffd29a3c000 	C:\windows\SYSTEM32\CRYPTBASE.DLL
0x00007ffd04e40000 - 0x00007ffd04e52000 	D:\Vision\dependencies\jdk1.8.0_222\jre\bin\nio.dll
0x00007ffd29180000 - 0x00007ffd291b3000 	C:\windows\system32\rsaenh.dll
0x00007ffd29f20000 - 0x00007ffd29f48000 	C:\windows\SYSTEM32\USERENV.dll
0x00007ffd24f00000 - 0x00007ffd24f16000 	C:\windows\SYSTEM32\dhcpcsvc6.DLL
0x00007ffd24ee0000 - 0x00007ffd24efc000 	C:\windows\SYSTEM32\dhcpcsvc.DLL
0x0000000180000000 - 0x0000000180282000 	D:\Vision\apache-tomcat-cxbanking_platform\bin\tcnative-1.dll

VM Arguments:
jvm_args: -agentlib:jdwp=transport=dt_socket,suspend=y,address=localhost:36537 -javaagent:E:\spring-tool-suite-3.9.12.RELEASE-e4.15.0-win32-x86_64\sts-bundle\sts-3.9.12.RELEASE\configuration\org.eclipse.osgi\309\0\.cp\lib\javaagent-shaded.jar -Dfile.encoding=UTF-8 
java_command: com.example.demo.Demo3Application
java_class_path (initial): E:\demo_tcp\demo\target\classes;C:\Users\DG250394\.m2\repository\org\springframework\boot\spring-boot-starter-integration\2.3.0.RELEASE\spring-boot-starter-integration-2.3.0.RELEASE.jar;C:\Users\DG250394\.m2\repository\org\springframework\boot\spring-boot-starter-aop\2.3.0.RELEASE\spring-boot-starter-aop-2.3.0.RELEASE.jar;C:\Users\DG250394\.m2\repository\org\springframework\spring-aop\5.2.6.RELEASE\spring-aop-5.2.6.RELEASE.jar;C:\Users\DG250394\.m2\repository\org\aspectj\aspectjweaver\1.9.5\aspectjweaver-1.9.5.jar;C:\Users\DG250394\.m2\repository\org\springframework\integration\spring-integration-core\5.3.0.RELEASE\spring-integration-core-5.3.0.RELEASE.jar;C:\Users\DG250394\.m2\repository\org\springframework\spring-context\5.2.6.RELEASE\spring-context-5.2.6.RELEASE.jar;C:\Users\DG250394\.m2\repository\org\springframework\spring-messaging\5.2.6.RELEASE\spring-messaging-5.2.6.RELEASE.jar;C:\Users\DG250394\.m2\repository\org\springframework\spring-tx\5.2.6.RELEASE\spring-tx-5.2.6.RELEASE.jar;C:\Users\DG250394\.m2\repository\org\springframework\retry\spring-retry\1.2.5.RELEASE\spring-retry-1.2.5.RELEASE.jar;C:\Users\DG250394\.m2\repository\io\projectreactor\reactor-core\3.3.5.RELEASE\reactor-core-3.3.5.RELEASE.jar;C:\Users\DG250394\.m2\repository\org\reactivestreams\reactive-streams\1.0.3\reactive-streams-1.0.3.jar;C:\Users\DG250394\.m2\repository\org\springframework\integration\spring-integration-ip\5.3.0.RELEASE\spring-integration-ip-5.3.0.RELEASE.jar;C:\Users\DG250394\.m2\repository\org\springframework\boot\spring-boot-starter-web\2.3.0.RELEASE\spring-boot-starter-web-2.3.0.RELEASE.jar;C:\Users\DG250394\.m2\repository\org\springframework\boot\spring-boot-starter\2.3.0.RELEASE\spring-boot-starter-2.3.0.RELEASE.jar;C:\Users\DG250394\.m2\repository\org\springframework\boot\spring-boot\2.3.0.RELEASE\spring-boot-2.3.0.RELEASE.jar;C:\Users\DG250394\.m2\repository\org\springframework\boot\spring-boot-autoconfigure\2.3.0.RELEASE\spring-boot-autoc
Launcher Type: SUN_STANDARD

Environment Variables:
JAVA_HOME=D:\Vision\dependencies\jdk1.8.0_222
JRE_HOME=D:\Vision\dependencies\jdk1.8.0_222\jre
PATH=D:\Vision\dependencies\jdk1.8.0_222\jre\bin;D:/Vision/dependencies/jdk1.8.0_222/bin/../jre/bin/server;D:/Vision/dependencies/jdk1.8.0_222/bin/../jre/bin;D:/Vision/dependencies/jdk1.8.0_222/bin/../jre/lib/amd64;D:\Vision\dependencies\jdk1.8.0_222\bin;D:\Vision\dependencies\solr-5.5.0\bin;D:\Vision\dependencies\zookeeper-3.4.8\bin;C:\ProgramData\Oracle\Java\javapath;C:\windows\system32;C:\windows;C:\windows\System32\Wbem;C:\windows\System32\WindowsPowerShell\v1.0\;C:\windows\System32\OpenSSH\;C:\Program Files (x86)\Webex\Webex\Applications;C:\Program Files\1E\NomadBranch\;C:\Program Files (x86)\Microsoft SQL Server\140\Tools\Binn\;C:\Program Files\Microsoft SQL Server\140\Tools\Binn\;C:\Program Files (x86)\Microsoft SQL Server\140\DTS\Binn\;C:\Program Files\Microsoft SQL Server\140\DTS\Binn\;C:\Program Files\Microsoft SQL Server\Client SDK\ODBC\130\Tools\Binn\;C:\Program Files (x86)\Microsoft SQL Server\150\DTS\Binn\;C:\Users\DG250394\AppData\Local\Microsoft\WindowsApps;D:\Vision\apache-tomcat-cxbanking_platform\bin;D:\Vision\apache-tomcat-incident_cache\bin;D:\Vision\apache-tomcat-electronic_jou;C:\Program Files\TortoiseSVN\bin;C:\Users\DG250394\AppData\Local\Microsoft\WindowsApps;C:\apache-maven-3.6.3\bin;D:\Visi;C:\Program Files\Git\cmd;C:\Program Files\Git\mingw64\bin;C:\Program Files\Git\usr\bin;C:\Users\DG250394\AppData\Local\Microsoft\WindowsApps;C:\apache-maven-3.6.3\bin;;E:\spring-tool-suite-3.9.12.RELEASE-e4.15.0-win32-x86_64\sts-bundle\sts-3.9.12.RELEASE;
USERNAME=dg250394
OS=Windows_NT
PROCESSOR_IDENTIFIER=Intel64 Family 6 Model 158 Stepping 10, GenuineIntel



---------------  S Y S T E M  ---------------

OS: Windows 10.0 , 64 bit Build 17763 (10.0.17763.1158)

CPU:total 12 (initial active 12) (6 cores per cpu, 2 threads per core) family 6 model 158 stepping 10, cmov, cx8, fxsr, mmx, sse, sse2, sse3, ssse3, sse4.1, sse4.2, popcnt, avx, avx2, aes, clmul, erms, rtm, 3dnowpref, lzcnt, ht, tsc, tscinvbit, bmi1, bmi2, adx

Memory: 4k page, physical 16564908k(1200156k free), swap 42193832k(11908k free)

vm_info: OpenJDK 64-Bit Server VM (25.222-b10) for windows-amd64 JRE (1.8.0_222-b10), built on Jul 16 2019 06:06:11 by "Administrator" with MS VC++ 10.0 (VS2010)

time: Sat Jun 13 19:17:38 2020
timezone: India Standard Time
elapsed time: 5 seconds (0d 0h 0m 5s)

